<?xml version="1.0" encoding="UTF-8"?>
<testng-results skipped="0" failed="0" ignored="0" total="3" passed="3">
  <reporter-output>
  </reporter-output>
  <suite name="Suite" duration-ms="279" started-at="2018-04-23T16:07:49Z" finished-at="2018-04-23T16:07:50Z">
    <groups>
    </groups>
    <test name="Test" duration-ms="279" started-at="2018-04-23T16:07:49Z" finished-at="2018-04-23T16:07:50Z">
      <class name="test.day2Test">
        <test-method status="PASS" signature="Demo3()[pri:0, instance:test.day2Test@23ceabc1]" name="Demo3" duration-ms="9" started-at="2018-04-23T16:07:49Z" finished-at="2018-04-23T16:07:49Z">
          <reporter-output>
          </reporter-output>
        </test-method> <!-- Demo3 -->
      </class> <!-- test.day2Test -->
      <class name="test.day1">
        <test-method status="PASS" signature="Demo()[pri:0, instance:test.day1@215be6bb]" name="Demo" duration-ms="56" started-at="2018-04-23T16:07:49Z" finished-at="2018-04-23T16:07:49Z">
          <reporter-output>
          </reporter-output>
        </test-method> <!-- Demo -->
        <test-method status="PASS" signature="SecondDemo()[pri:0, instance:test.day1@215be6bb]" name="SecondDemo" duration-ms="24" started-at="2018-04-23T16:07:49Z" finished-at="2018-04-23T16:07:49Z">
          <reporter-output>
          </reporter-output>
        </test-method> <!-- SecondDemo -->
      </class> <!-- test.day1 -->
    </test> <!-- Test -->
  </suite> <!-- Suite -->
</testng-results>
