<?xml version="1.0" encoding="UTF-8"?>
<!-- Generated by org.testng.reporters.JUnitXMLReporter -->
<testsuite hostname="WHQL308906LN" ignored="0" name="Test" tests="6" failures="0" timestamp="23 Apr 2018 19:11:21 GMT" time="0.177" errors="0">
  <testcase name="RentalCar" time="0.028" classname="TestNGPackage.EnterpriseLoan"/>
  <testcase name="RentalTruck" time="0.005" classname="TestNGPackage.EnterpriseLoan"/>
  <testcase name="ComputerLoan" time="0.003" classname="TestNGPackage.BusinessLoan"/>
  <testcase name="officeLoan" time="0.004" classname="TestNGPackage.BusinessLoan"/>
  <testcase name="Carloan" time="0.004" classname="TestNGPackage.PersonalLoan"/>
  <testcase name="HouseLoan" time="0.006" classname="TestNGPackage.PersonalLoan"/>
</testsuite> <!-- Test -->
